<?xml version="1.0" encoding="UTF-8"?>
<!-- Generated by org.testng.reporters.JUnitReportReporter -->
<testsuite skipped="0" hostname="DESKTOP-E7FKFB3" name="hesab.az.hesab_az" tests="1" failures="0" timestamp="13 Jun 2018 13:26:35 GMT" time="20.651" errors="0">
  <testcase name="test" time="20.651" classname="hesab.az.hesab_az"/>
</testsuite> <!-- hesab.az.hesab_az -->
